2024-06-10 12:17:24,827 - INFO - Running test job...
2024-06-10 12:17:24,827 - INFO - Running scheduled job...
2024-06-10 12:17:25,229 - INFO - Data fetched and saved to backend/data/raw/
2024-06-10 12:17:25,245 - INFO - Data processed and saved to backend/data/processed/
2024-06-10 12:17:25,245 - ERROR - Error in job execution: string indices must be integers, not 'str'
2024-06-10 12:17:25,246 - INFO - Test job completed successfully.
2024-06-10 12:18:53,118 - INFO - Running test job...
2024-06-10 12:18:53,118 - INFO - Running scheduled job...
2024-06-10 12:18:53,397 - INFO - Data fetched and saved to backend/data/raw/
2024-06-10 12:18:53,409 - INFO - Data processed and saved to backend/data/processed/
2024-06-10 12:18:53,409 - ERROR - Error in job execution: string indices must be integers, not 'str'
2024-06-10 12:18:53,409 - INFO - Test job completed successfully.
2024-06-10 12:24:11,414 - INFO - Running test job...
2024-06-10 12:24:11,415 - INFO - Running scheduled job...
2024-06-10 12:24:11,779 - INFO - Data fetched and saved to backend/data/raw/
2024-06-10 12:24:11,793 - INFO - Data processed and saved to backend/data/processed/
2024-06-10 12:24:11,793 - ERROR - Error in job execution: string indices must be integers, not 'str'
2024-06-10 12:24:11,793 - INFO - Test job completed successfully.
2024-06-10 12:29:48,676 - INFO - Running test job...
2024-06-10 12:29:48,676 - INFO - Running scheduled job...
2024-06-10 12:29:48,958 - INFO - Data fetched and saved to backend/data/raw/
2024-06-10 12:29:48,968 - INFO - Data processed and saved to backend/data/processed/
2024-06-10 12:29:48,968 - ERROR - Error in job execution: string indices must be integers, not 'str'
2024-06-10 12:29:48,968 - INFO - Test job completed successfully.
2024-06-10 12:38:37,110 - INFO - Running test job...
2024-06-10 12:38:37,110 - INFO - Running scheduled job...
2024-06-10 12:38:37,457 - INFO - Data fetched and saved to backend/data/raw/
2024-06-10 12:38:37,475 - INFO - Data processed and saved to backend/data/processed/
2024-06-10 12:38:37,481 - ERROR - Error in job execution: invalid literal for int() with base 10: '2024-05-11 18:06:11.792'
2024-06-10 12:38:37,481 - INFO - Test job completed successfully.
2024-06-10 12:39:17,714 - INFO - Running test job...
2024-06-10 12:39:17,714 - INFO - Running scheduled job...
2024-06-10 12:39:18,000 - INFO - Data fetched and saved to backend/data/raw/
2024-06-10 12:39:18,018 - INFO - Data processed and saved to backend/data/processed/
2024-06-10 12:39:18,025 - ERROR - Error in job execution: invalid literal for int() with base 10: '2024-05-11 18:06:11.792'
2024-06-10 12:39:18,025 - INFO - Test job completed successfully.
