2024-06-14 01:25:50,881 - INFO - Data for bitcoin fetched and stored successfully.
2024-06-14 01:26:55,046 - INFO - Fetching data for Bitcoin...
2024-06-14 01:26:55,194 - ERROR - Error in fetching or storing data: list indices must be integers or slices, not str
2024-06-14 15:09:29,161 - INFO - Fetching data for Bitcoin...
2024-06-14 15:09:29,357 - ERROR - Error in fetching or storing data: list indices must be integers or slices, not str
2024-06-14 15:10:34,008 - INFO - Fetching data for Bitcoin...
2024-06-14 15:10:34,161 - ERROR - Error in fetching or storing data: list indices must be integers or slices, not str
2024-06-14 15:23:17,454 - INFO - Fetching data for Bitcoin...
2024-06-14 15:23:17,657 - ERROR - Error in fetching or storing data: list indices must be integers or slices, not str
2024-06-14 15:23:41,767 - INFO - Fetching data for Bitcoin...
2024-06-14 15:23:41,884 - ERROR - Error in fetching or storing data: list indices must be integers or slices, not str
2024-06-14 15:35:26,474 - INFO - Fetching data for Bitcoin...
2024-06-14 15:35:26,634 - ERROR - Error in fetching or storing data: list indices must be integers or slices, not str
2024-06-14 15:40:08,488 - INFO - Fetching data for Bitcoin...
2024-06-14 15:40:08,591 - ERROR - Error in fetching or storing data: list indices must be integers or slices, not str
2024-06-14 15:44:05,067 - INFO - Fetching data for Bitcoin...
2024-06-14 15:44:05,190 - ERROR - Error in fetching or storing data: list indices must be integers or slices, not str
2024-06-14 15:56:30,002 - INFO - Fetching data for Bitcoin...
2024-06-14 15:56:30,234 - ERROR - Error in fetching or storing data: list indices must be integers or slices, not str
2024-06-16 17:16:56,803 - INFO - Fetching data for Bitcoin...
2024-06-16 17:16:56,963 - ERROR - Error in fetching or storing data: list indices must be integers or slices, not str
2024-06-16 17:20:41,341 - INFO - Fetching data for Bitcoin...
2024-06-16 17:20:41,465 - ERROR - Error fetching data from Binance API: {
  "code": 0,
  "msg": "Service unavailable from a restricted location according to 'b. Eligibility' in https://www.binance.com/en/terms. Please contact customer service if you believe you received this message in error."
}
2024-06-16 17:20:41,465 - INFO - Data fetching and storing completed successfully.
2024-06-16 17:21:02,550 - INFO - Fetching data for Bitcoin...
2024-06-16 17:21:02,638 - ERROR - Error fetching data from Binance API: {
  "code": 0,
  "msg": "Service unavailable from a restricted location according to 'b. Eligibility' in https://www.binance.com/en/terms. Please contact customer service if you believe you received this message in error."
}
2024-06-16 17:21:02,638 - INFO - Data fetching and storing completed successfully.
2024-06-16 17:24:19,478 - INFO - Fetching data for Bitcoin...
2024-06-16 17:24:19,624 - ERROR - Error fetching data from Binance API: {
  "code": 0,
  "msg": "Service unavailable from a restricted location according to 'b. Eligibility' in https://www.binance.com/en/terms. Please contact customer service if you believe you received this message in error."
}
2024-06-16 17:24:19,624 - INFO - Data fetching and storing completed successfully.
2024-06-16 17:25:20,423 - INFO - Fetching data for Bitcoin...
2024-06-16 17:25:20,529 - ERROR - Error fetching data from Binance API: {
  "code": 0,
  "msg": "Service unavailable from a restricted location according to 'b. Eligibility' in https://www.binance.com/en/terms. Please contact customer service if you believe you received this message in error."
}
2024-06-16 17:25:20,529 - INFO - Data fetching and storing completed successfully.
2024-06-16 17:26:34,247 - INFO - Fetching data for Bitcoin...
2024-06-16 17:26:36,303 - INFO - Data fetching and storing completed successfully.
2024-06-16 17:27:52,320 - INFO - Fetching data for Bitcoin...
2024-06-16 17:27:54,345 - INFO - Data fetching and storing completed successfully.
2024-06-16 17:28:03,505 - INFO - Fetching data for Bitcoin...
2024-06-16 17:28:05,473 - INFO - Data fetching and storing completed successfully.
2024-06-16 17:28:19,622 - INFO - Fetching data for Bitcoin...
2024-06-16 17:28:21,414 - INFO - Data fetching and storing completed successfully.
2024-06-16 17:29:13,276 - INFO - Fetching data for Bitcoin...
2024-06-16 17:29:15,563 - INFO - Data fetching and storing completed successfully.
2024-06-16 17:31:38,578 - INFO - Fetching data for Bitcoin...
2024-06-16 17:31:40,717 - INFO - Data fetching and storing completed successfully.
2024-06-16 17:33:57,270 - INFO - Fetching data for Bitcoin...
2024-06-16 17:33:59,186 - INFO - Data fetching and storing completed successfully.
2024-06-16 17:37:43,321 - INFO - Fetching data for Bitcoin...
2024-06-16 17:37:45,282 - INFO - Data fetching and storing completed successfully.
2024-06-16 17:45:12,078 - INFO - Fetching data for Bitcoin...
2024-06-16 17:45:13,991 - INFO - Data fetching and storing completed successfully.
2024-06-16 17:54:41,199 - INFO - Fetching data for Bitcoin...
2024-06-16 17:54:43,209 - INFO - Data fetching and storing completed successfully for bitcoin.
2024-06-16 17:54:43,210 - INFO - Fetching data for Ethereum...
2024-06-16 17:54:45,092 - INFO - Data fetching and storing completed successfully for ethereum.
2024-06-16 18:21:19,199 - INFO - Fetching data for Bitcoin...
2024-06-16 18:21:21,134 - INFO - Data fetching and storing completed successfully for bitcoin.
2024-06-16 18:21:21,136 - INFO - Fetching data for Ethereum...
2024-06-16 18:21:22,916 - INFO - Data fetching and storing completed successfully for ethereum.
2024-06-17 09:29:43,995 - INFO - Fetching data for Bitcoin...
2024-06-17 09:29:46,250 - INFO - Data fetching and storing completed successfully for bitcoin.
2024-06-17 09:29:46,252 - INFO - Fetching data for Ethereum...
2024-06-17 09:29:48,022 - INFO - Data fetching and storing completed successfully for ethereum.
2024-06-17 09:30:42,658 - INFO - Fetching data for Bitcoin...
2024-06-17 09:30:44,568 - INFO - Data fetching and storing completed successfully for bitcoin.
2024-06-17 09:30:44,570 - INFO - Fetching data for Ethereum...
2024-06-17 09:30:46,495 - INFO - Data fetching and storing completed successfully for ethereum.
2024-06-17 11:02:03,846 - INFO - Fetching data for Bitcoin...
2024-06-17 11:02:05,811 - INFO - Data fetching and storing completed successfully for bitcoin.
2024-06-17 11:02:05,813 - INFO - Fetching data for Ethereum...
2024-06-17 11:02:07,672 - INFO - Data fetching and storing completed successfully for ethereum.
2024-06-17 11:08:17,442 - INFO - Fetching data for Bitcoin...
2024-06-17 11:08:19,403 - INFO - Data fetching and storing completed successfully for bitcoin.
2024-06-17 11:08:19,404 - INFO - Fetching data for Ethereum...
2024-06-17 11:08:21,134 - INFO - Data fetching and storing completed successfully for ethereum.
2024-06-17 11:08:40,295 - INFO - Fetching data for Bitcoin...
2024-06-17 11:08:40,923 - INFO - Data fetching and storing completed successfully for bitcoin.
2024-06-17 11:08:40,924 - INFO - Fetching data for Ethereum...
2024-06-17 11:08:41,456 - INFO - Data fetching and storing completed successfully for ethereum.
2024-06-17 23:15:45,558 - INFO - Fetching data for Bitcoin...
2024-06-17 23:15:47,707 - INFO - Data fetching and storing completed successfully for bitcoin.
2024-06-17 23:15:47,708 - INFO - Fetching data for Ethereum...
2024-06-17 23:15:49,908 - INFO - Data fetching and storing completed successfully for ethereum.
