2024-06-14 00:30:59,929 - INFO - Fetching raw data...
2024-06-14 00:31:00,621 - INFO - Processing data...
2024-06-14 00:31:00,627 - INFO - Storing processed data...
2024-06-14 00:31:01,187 - ERROR - Error in data processing: 1054 (42S22): Unknown column 'rolling_mean' in 'field list'
2024-06-14 01:26:55,552 - INFO - Fetching raw data...
2024-06-14 01:26:56,136 - INFO - Processing data...
2024-06-14 01:26:56,160 - INFO - Storing processed data...
2024-06-14 01:26:59,635 - INFO - Processed data stored successfully.
2024-06-14 15:09:29,679 - INFO - Fetching raw data...
2024-06-14 15:09:30,355 - INFO - Processing data...
2024-06-14 15:09:30,378 - INFO - Storing processed data...
2024-06-14 15:09:33,273 - INFO - Processed data stored successfully.
2024-06-14 15:10:34,493 - INFO - Fetching raw data...
2024-06-14 15:10:35,088 - INFO - Processing data...
2024-06-14 15:10:35,108 - INFO - Storing processed data...
2024-06-14 15:10:37,959 - INFO - Processed data stored successfully.
2024-06-14 15:23:18,050 - INFO - Fetching raw data...
2024-06-14 15:23:18,625 - INFO - Processing data...
2024-06-14 15:23:18,636 - INFO - Storing processed data...
2024-06-14 15:23:21,549 - INFO - Processed data stored successfully.
2024-06-14 15:23:42,200 - INFO - Fetching raw data...
2024-06-14 15:23:42,795 - INFO - Processing data...
2024-06-14 15:23:42,805 - INFO - Storing processed data...
2024-06-14 15:23:45,842 - INFO - Processed data stored successfully.
2024-06-14 15:35:27,002 - INFO - Fetching raw data...
2024-06-14 15:35:27,557 - INFO - Processing data...
2024-06-14 15:35:27,580 - INFO - Storing processed data...
2024-06-14 15:35:30,351 - INFO - Processed data stored successfully.
2024-06-14 15:40:08,934 - INFO - Fetching raw data...
2024-06-14 15:40:09,505 - INFO - Processing data...
2024-06-14 15:40:09,525 - INFO - Storing processed data...
2024-06-14 15:40:13,267 - INFO - Processed data stored successfully.
2024-06-14 15:44:05,572 - INFO - Fetching raw data...
2024-06-14 15:44:06,123 - INFO - Processing data...
2024-06-14 15:44:06,131 - INFO - Storing processed data...
2024-06-14 15:44:09,073 - INFO - Processed data stored successfully.
2024-06-14 15:56:30,600 - INFO - Fetching raw data...
2024-06-14 15:56:31,270 - INFO - Processing data...
2024-06-14 15:56:31,293 - INFO - Storing processed data...
2024-06-14 15:56:34,258 - INFO - Processed data stored successfully.
2024-06-16 17:16:57,331 - INFO - Fetching raw data...
2024-06-16 17:16:57,930 - INFO - Processing data...
2024-06-16 17:16:57,953 - INFO - Storing processed data...
2024-06-16 17:17:01,575 - INFO - Processed data stored successfully.
2024-06-16 17:20:41,769 - INFO - Fetching raw data...
2024-06-16 17:20:42,318 - INFO - Processing data...
2024-06-16 17:20:42,330 - INFO - Storing processed data...
2024-06-16 17:20:45,627 - INFO - Processed data stored successfully.
2024-06-16 17:21:02,976 - INFO - Fetching raw data...
2024-06-16 17:21:03,576 - INFO - Processing data...
2024-06-16 17:21:03,584 - INFO - Storing processed data...
2024-06-16 17:21:07,005 - INFO - Processed data stored successfully.
2024-06-16 17:28:05,837 - INFO - Fetching raw data...
2024-06-16 17:28:06,355 - INFO - Processing data...
2024-06-16 17:28:06,376 - INFO - Storing processed data...
2024-06-16 17:28:09,649 - INFO - Processed data stored successfully.
2024-06-16 17:28:21,786 - INFO - Fetching raw data...
2024-06-16 17:28:22,299 - INFO - Processing data...
2024-06-16 17:28:22,317 - INFO - Storing processed data...
2024-06-16 17:28:26,012 - INFO - Processed data stored successfully.
2024-06-16 17:29:15,871 - INFO - Fetching raw data...
2024-06-16 17:29:16,407 - INFO - Processing data...
2024-06-16 17:29:16,426 - INFO - Storing processed data...
2024-06-16 17:29:19,744 - INFO - Processed data stored successfully.
2024-06-16 17:31:41,100 - INFO - Fetching raw data...
2024-06-16 17:31:41,623 - INFO - Processing data...
2024-06-16 17:31:41,639 - INFO - Storing processed data...
2024-06-16 17:31:44,622 - INFO - Processed data stored successfully.
2024-06-16 17:33:59,530 - INFO - Fetching raw data...
2024-06-16 17:34:00,162 - INFO - Processing data...
2024-06-16 17:34:00,170 - INFO - Storing processed data...
2024-06-16 17:34:03,255 - INFO - Processed data stored successfully.
2024-06-16 17:37:45,642 - INFO - Fetching raw data...
2024-06-16 17:37:46,139 - INFO - Processing data...
2024-06-16 17:37:46,148 - INFO - Storing processed data...
2024-06-16 17:37:49,145 - INFO - Processed data stored successfully.
2024-06-16 17:45:14,457 - INFO - Fetching raw data...
2024-06-16 17:45:14,998 - INFO - Processing data...
2024-06-16 17:45:15,022 - INFO - Storing processed data...
2024-06-16 17:45:18,356 - INFO - Processed data stored successfully.
2024-06-17 11:15:51,649 - INFO - Processing data for Bitcoin...
2024-06-17 11:15:51,649 - INFO - Fetching raw data from raw_data_bitcoin...
2024-06-17 11:15:52,119 - INFO - Storing processed data into processed_data_bitcoin...
2024-06-17 11:15:53,859 - INFO - Data processing and storing completed for processed_data_bitcoin.
2024-06-17 11:15:53,859 - INFO - Processing data for Ethereum...
2024-06-17 11:15:53,860 - INFO - Fetching raw data from raw_data_ethereum...
2024-06-17 11:15:54,332 - INFO - Storing processed data into processed_data_ethereum...
2024-06-17 11:15:55,930 - INFO - Data processing and storing completed for processed_data_ethereum.
